<?xml version="1.0" encoding="UTF-8"?>
<!-- Generated by org.testng.reporters.JUnitReportReporter -->
<testsuite hostname="DESKTOP-4UL57U2" failures="0" tests="1" name="ExtentReports.CreatReport" time="1.054" errors="0" timestamp="2025-06-23T13:36:41 IST" skipped="0">
  <testcase classname="ExtentReports.CreatReport" name="Creatrep" time="1.054"/>
</testsuite> <!-- ExtentReports.CreatReport -->
