<?xml version="1.0" encoding="UTF-8"?>
<!-- Generated by org.testng.reporters.JUnitReportReporter -->
<testsuite hostname="DESKTOP-4UL57U2" failures="0" tests="1" name="Demo.BuildsucessTest" time="53.403" errors="0" timestamp="2025-06-20T13:39:12 IST" skipped="0">
  <testcase classname="Demo.BuildsucessTest" name="launch" time="53.403">
    <system-out>
      <![CDATA[BuildSucessTest class executed]]>
    </system-out>
  </testcase> <!-- launch -->
  <system-out>
    <![CDATA[BuildSucessTest class executed]]>
  </system-out>
</testsuite> <!-- Demo.BuildsucessTest -->
